<?xml version="1.0" encoding="UTF-8"?>
<testsuite xmlns:xsi="http://www.w3.org/2001/XMLSchema-instance" xsi:noNamespaceSchemaLocation="https://maven.apache.org/surefire/maven-surefire-plugin/xsd/surefire-test-report.xsd" name="StepsDefinition.TestRunner" time="2.073" tests="17" errors="0" skipped="0" failures="0">
  <properties>
    <property name="sun.desktop" value="windows"/>
    <property name="awt.toolkit" value="sun.awt.windows.WToolkit"/>
    <property name="java.specification.version" value="11"/>
    <property name="sun.cpu.isalist" value="amd64"/>
    <property name="sun.jnu.encoding" value="Cp1252"/>
    <property name="java.class.path" value="C:\Users\naran\eclipse-workspace\CucumberBDD\target\test-classes;C:\Users\naran\eclipse-workspace\CucumberBDD\target\classes;C:\Users\naran\.m2\repository\io\cucumber\cucumber-java\7.2.3\cucumber-java-7.2.3.jar;C:\Users\naran\.m2\repository\io\cucumber\cucumber-core\7.2.3\cucumber-core-7.2.3.jar;C:\Users\naran\.m2\repository\io\cucumber\cucumber-gherkin\7.2.3\cucumber-gherkin-7.2.3.jar;C:\Users\naran\.m2\repository\io\cucumber\cucumber-gherkin-messages\7.2.3\cucumber-gherkin-messages-7.2.3.jar;C:\Users\naran\.m2\repository\io\cucumber\messages\17.1.1\messages-17.1.1.jar;C:\Users\naran\.m2\repository\io\cucumber\tag-expressions\4.1.0\tag-expressions-4.1.0.jar;C:\Users\naran\.m2\repository\io\cucumber\cucumber-expressions\15.0.1\cucumber-expressions-15.0.1.jar;C:\Users\naran\.m2\repository\io\cucumber\datatable\7.2.3\datatable-7.2.3.jar;C:\Users\naran\.m2\repository\io\cucumber\cucumber-plugin\7.2.3\cucumber-plugin-7.2.3.jar;C:\Users\naran\.m2\repository\io\cucumber\docstring\7.2.3\docstring-7.2.3.jar;C:\Users\naran\.m2\repository\io\cucumber\html-formatter\17.0.0\html-formatter-17.0.0.jar;C:\Users\naran\.m2\repository\io\cucumber\ci-environment\8.1.0\ci-environment-8.1.0.jar;C:\Users\naran\.m2\repository\org\apiguardian\apiguardian-api\1.1.2\apiguardian-api-1.1.2.jar;C:\Users\naran\.m2\repository\junit\junit\4.13.2\junit-4.13.2.jar;C:\Users\naran\.m2\repository\org\hamcrest\hamcrest-core\1.3\hamcrest-core-1.3.jar;C:\Users\naran\.m2\repository\io\cucumber\cucumber-junit\7.2.3\cucumber-junit-7.2.3.jar;"/>
    <property name="java.vm.vendor" value="Oracle Corporation"/>
    <property name="sun.arch.data.model" value="64"/>
    <property name="user.variant" value=""/>
    <property name="java.vendor.url" value="http://java.oracle.com/"/>
    <property name="user.timezone" value="America/Los_Angeles"/>
    <property name="java.vm.specification.version" value="11"/>
    <property name="os.name" value="Windows 10"/>
    <property name="sun.java.launcher" value="SUN_STANDARD"/>
    <property name="user.country" value="US"/>
    <property name="sun.boot.library.path" value="C:\Program Files\Java\jdk-11\bin"/>
    <property name="sun.java.command" value="C:\Users\naran\AppData\Local\Temp\surefire6184301138266655726\surefirebooter13480564906747898512.jar C:\Users\naran\AppData\Local\Temp\surefire6184301138266655726 2022-03-22T12-26-55_533-jvmRun1 surefire5048189076612715940tmp surefire_011003448179152003521tmp"/>
    <property name="jdk.debug" value="release"/>
    <property name="surefire.test.class.path" value="C:\Users\naran\eclipse-workspace\CucumberBDD\target\test-classes;C:\Users\naran\eclipse-workspace\CucumberBDD\target\classes;C:\Users\naran\.m2\repository\io\cucumber\cucumber-java\7.2.3\cucumber-java-7.2.3.jar;C:\Users\naran\.m2\repository\io\cucumber\cucumber-core\7.2.3\cucumber-core-7.2.3.jar;C:\Users\naran\.m2\repository\io\cucumber\cucumber-gherkin\7.2.3\cucumber-gherkin-7.2.3.jar;C:\Users\naran\.m2\repository\io\cucumber\cucumber-gherkin-messages\7.2.3\cucumber-gherkin-messages-7.2.3.jar;C:\Users\naran\.m2\repository\io\cucumber\messages\17.1.1\messages-17.1.1.jar;C:\Users\naran\.m2\repository\io\cucumber\tag-expressions\4.1.0\tag-expressions-4.1.0.jar;C:\Users\naran\.m2\repository\io\cucumber\cucumber-expressions\15.0.1\cucumber-expressions-15.0.1.jar;C:\Users\naran\.m2\repository\io\cucumber\datatable\7.2.3\datatable-7.2.3.jar;C:\Users\naran\.m2\repository\io\cucumber\cucumber-plugin\7.2.3\cucumber-plugin-7.2.3.jar;C:\Users\naran\.m2\repository\io\cucumber\docstring\7.2.3\docstring-7.2.3.jar;C:\Users\naran\.m2\repository\io\cucumber\html-formatter\17.0.0\html-formatter-17.0.0.jar;C:\Users\naran\.m2\repository\io\cucumber\ci-environment\8.1.0\ci-environment-8.1.0.jar;C:\Users\naran\.m2\repository\org\apiguardian\apiguardian-api\1.1.2\apiguardian-api-1.1.2.jar;C:\Users\naran\.m2\repository\junit\junit\4.13.2\junit-4.13.2.jar;C:\Users\naran\.m2\repository\org\hamcrest\hamcrest-core\1.3\hamcrest-core-1.3.jar;C:\Users\naran\.m2\repository\io\cucumber\cucumber-junit\7.2.3\cucumber-junit-7.2.3.jar;"/>
    <property name="sun.cpu.endian" value="little"/>
    <property name="user.home" value="C:\Users\naran"/>
    <property name="user.language" value="en"/>
    <property name="java.specification.vendor" value="Oracle Corporation"/>
    <property name="java.version.date" value="2018-09-25"/>
    <property name="java.home" value="C:\Program Files\Java\jdk-11"/>
    <property name="file.separator" value="\"/>
    <property name="basedir" value="C:\Users\naran\eclipse-workspace\CucumberBDD"/>
    <property name="java.vm.compressedOopsMode" value="32-bit"/>
    <property name="line.separator" value="&#10;"/>
    <property name="java.specification.name" value="Java Platform API Specification"/>
    <property name="java.vm.specification.vendor" value="Oracle Corporation"/>
    <property name="java.awt.graphicsenv" value="sun.awt.Win32GraphicsEnvironment"/>
    <property name="surefire.real.class.path" value="C:\Users\naran\AppData\Local\Temp\surefire6184301138266655726\surefirebooter13480564906747898512.jar"/>
    <property name="user.script" value=""/>
    <property name="sun.management.compiler" value="HotSpot 64-Bit Tiered Compilers"/>
    <property name="java.runtime.version" value="11+28"/>
    <property name="user.name" value="naran"/>
    <property name="path.separator" value=";"/>
    <property name="os.version" value="10.0"/>
    <property name="java.runtime.name" value="OpenJDK Runtime Environment"/>
    <property name="file.encoding" value="Cp1252"/>
    <property name="java.vm.name" value="OpenJDK 64-Bit Server VM"/>
    <property name="java.vendor.version" value="18.9"/>
    <property name="localRepository" value="C:\Users\naran\.m2\repository"/>
    <property name="java.vendor.url.bug" value="http://bugreport.java.com/bugreport/"/>
    <property name="java.io.tmpdir" value="C:\Users\naran\AppData\Local\Temp\"/>
    <property name="java.version" value="11"/>
    <property name="user.dir" value="C:\Users\naran\eclipse-workspace\CucumberBDD"/>
    <property name="os.arch" value="amd64"/>
    <property name="java.vm.specification.name" value="Java Virtual Machine Specification"/>
    <property name="java.awt.printerjob" value="sun.awt.windows.WPrinterJob"/>
    <property name="sun.os.patch.level" value=""/>
    <property name="java.library.path" value="C:\Program Files\Java\jdk-11\bin;C:\WINDOWS\Sun\Java\bin;C:\WINDOWS\system32;C:\WINDOWS;C:\Program Files\Common Files\Oracle\Java\javapath;C:\Program Files (x86)\Common Files\Oracle\Java\javapath;C:\WINDOWS\system32;C:\WINDOWS;C:\WINDOWS\System32\Wbem;C:\WINDOWS\System32\WindowsPowerShell\v1.0\;C:\WINDOWS\System32\OpenSSH\;C:\Program Files\Microsoft SQL Server\150\Tools\Binn\;C:\Program Files\Microsoft SQL Server\Client SDK\ODBC\170\Tools\Binn\;C:\Program Files\dotnet\;C:\Program Files (x86)\Microsoft SQL Server\150\DTS\Binn\;C:\Program Files\Azure Data Studio\bin;C:\Program Files\apache-maven-3.8.4\bin;C:\Program Files (x86)\Microsoft SQL Server\150\Tools\Binn\;C:\Program Files\Microsoft SQL Server\150\DTS\Binn\;C:\Program Files\Git\cmd;C:\Program Files\nodejs\;C:\Program Files\Java\jdk-11\bin;C:\Users\naran\AppData\Local\Microsoft\WindowsApps;C:\Users\naran\AppData\Local\Programs\Microsoft VS Code\bin;C:\Users\naran\.dotnet\tools;C:\Users\naran\AppData\Roaming\npm;."/>
    <property name="java.vendor" value="Oracle Corporation"/>
    <property name="java.vm.info" value="mixed mode"/>
    <property name="java.vm.version" value="11+28"/>
    <property name="sun.io.unicode.encoding" value="UnicodeLittle"/>
    <property name="java.class.version" value="55.0"/>
  </properties>
  <testcase name="DELETE user_skill_id with invalid authorization" classname="DELETE Request for UserSkills API" time="0.282"/>
  <testcase name="DELETE non existing user_skill_id with valid authorization" classname="DELETE Request for UserSkills API" time="0.055"/>
  <testcase name="DELETE existing user_skill_id with valid authorization" classname="DELETE Request for UserSkills API" time="0.08"/>
  <testcase name="GET request for single User skills with invalid authorization" classname="Validate Get Request for single UserSkills API" time="0.048"/>
  <testcase name="GET request for single User skills with invalid user_skill_id" classname="Validate Get Request for single UserSkills API" time="0.065"/>
  <testcase name="GET request for single User and skills with valid user_skill_id" classname="Validate Get Request for single UserSkills API" time="0.028"/>
  <testcase name="GET request for all Users and their skills with invalid authorization" classname="Validate Get Request for UsersSkills API" time="0.016"/>
  <testcase name="GET request for all Users and their skills with valid authorization" classname="Validate Get Request for UsersSkills API" time="0.036"/>
  <testcase name="POST request with JSON request with invalid authorization" classname="Validate POST Request for UserSkills API" time="0.016"/>
  <testcase name="POST request for invalid JSON request and valid authorization" classname="Validate POST Request for UserSkills API" time="0.016"/>
  <testcase name="POST request for valid JSON request and valid authorization" classname="Validate POST Request for UserSkills API" time="0.028"/>
  <testcase name="To Validate PUT request for JSON request with invalid authorization" classname="Validate PUT Request for UserSkills API" time="0.023"/>
  <testcase name="To Validate PUT request for JSON request with nonexisting user_skill_id and valid authorization" classname="Validate PUT Request for UserSkills API" time="0.021"/>
  <testcase name="To Validate PUT request for JSON request with existing user_skill_id and valid authorization" classname="Validate PUT Request for UserSkills API" time="0.025"/>
  <testcase name="Validate valid credentials" classname="Validate login credentials" time="0.027"/>
  <testcase name="Validate invalid credentials #1" classname="Validate login credentials" time="0.029"/>
  <testcase name="Validate invalid credentials #2" classname="Validate login credentials" time="0.02"/>
</testsuite>